This is pdfTeX, Version 3.14159265-2.6-1.40.16 (TeX Live 2015/Debian) (preloaded format=pdflatex 2018.1.17)  22 MAY 2018 01:12
entering extended mode
 restricted \write18 enabled.
 %&-line parsing enabled.
**Nayrolles_PhD_S2018.tex
(./Nayrolles_PhD_S2018.tex
LaTeX2e <2016/02/01>
Babel <3.9q> and hyphenation patterns for 81 language(s) loaded.
(/usr/share/texlive/texmf-dist/tex/latex/base/report.cls
Document Class: report 2014/09/29 v1.4h Standard LaTeX document class
(/usr/share/texlive/texmf-dist/tex/latex/base/size12.clo
File: size12.clo 2014/09/29 v1.4h Standard LaTeX file (size option)
)
\c@part=\count79
\c@chapter=\count80
\c@section=\count81
\c@subsection=\count82
\c@subsubsection=\count83
\c@paragraph=\count84
\c@subparagraph=\count85
\c@figure=\count86
\c@table=\count87
\abovecaptionskip=\skip41
\belowcaptionskip=\skip42
\bibindent=\dimen102
)
(/usr/share/texlive/texmf-dist/tex/latex/url/url.sty
\Urlmuskip=\muskip10
Package: url 2013/09/16  ver 3.4  Verb mode for urls, etc.
)
(/usr/share/texlive/texmf-dist/tex/latex/rotating/rotating.sty
Package: rotating 2009/03/28 v2.16a rotated objects in LaTeX

(/usr/share/texlive/texmf-dist/tex/latex/graphics/graphicx.sty
Package: graphicx 2014/10/28 v1.0g Enhanced LaTeX Graphics (DPC,SPQR)

(/usr/share/texlive/texmf-dist/tex/latex/graphics/keyval.sty
Package: keyval 2014/10/28 v1.15 key=value parser (DPC)
\KV@toks@=\toks14
)
(/usr/share/texlive/texmf-dist/tex/latex/graphics/graphics.sty
Package: graphics 2016/01/03 v1.0q Standard LaTeX Graphics (DPC,SPQR)

(/usr/share/texlive/texmf-dist/tex/latex/graphics/trig.sty
Package: trig 2016/01/03 v1.10 sin cos tan (DPC)
)
(/usr/share/texlive/texmf-dist/tex/latex/latexconfig/graphics.cfg
File: graphics.cfg 2010/04/23 v1.9 graphics configuration of TeX Live
)
Package graphics Info: Driver file: pdftex.def on input line 95.

(/usr/share/texlive/texmf-dist/tex/latex/pdftex-def/pdftex.def
File: pdftex.def 2011/05/27 v0.06d Graphics/color for pdfTeX

(/usr/share/texlive/texmf-dist/tex/generic/oberdiek/infwarerr.sty
Package: infwarerr 2010/04/08 v1.3 Providing info/warning/error messages (HO)
)
(/usr/share/texlive/texmf-dist/tex/generic/oberdiek/ltxcmds.sty
Package: ltxcmds 2011/11/09 v1.22 LaTeX kernel commands for general use (HO)
)
\Gread@gobject=\count88
))
\Gin@req@height=\dimen103
\Gin@req@width=\dimen104
)
(/usr/share/texlive/texmf-dist/tex/latex/base/ifthen.sty
Package: ifthen 2014/09/29 v1.1c Standard LaTeX ifthen package (DPC)
)
\c@r@tfl@t=\count89
\rotFPtop=\skip43
\rotFPbot=\skip44
\rot@float@box=\box26
\rot@mess@toks=\toks15
)
(/usr/share/texlive/texmf-dist/tex/latex/pgfgantt/pgfgantt.sty
Package: pgfgantt 2013/06/01 v4.0 Draw Gantt diagrams with TikZ

(/usr/share/texlive/texmf-dist/tex/latex/pgf/frontendlayer/tikz.sty
(/usr/share/texlive/texmf-dist/tex/latex/pgf/basiclayer/pgf.sty
(/usr/share/texlive/texmf-dist/tex/latex/pgf/utilities/pgfrcs.sty
(/usr/share/texlive/texmf-dist/tex/generic/pgf/utilities/pgfutil-common.tex
\pgfutil@everybye=\toks16
\pgfutil@tempdima=\dimen105
\pgfutil@tempdimb=\dimen106

(/usr/share/texlive/texmf-dist/tex/generic/pgf/utilities/pgfutil-common-lists.t
ex)) (/usr/share/texlive/texmf-dist/tex/generic/pgf/utilities/pgfutil-latex.def
\pgfutil@abb=\box27
(/usr/share/texlive/texmf-dist/tex/latex/ms/everyshi.sty
Package: everyshi 2001/05/15 v3.00 EveryShipout Package (MS)
))
(/usr/share/texlive/texmf-dist/tex/generic/pgf/utilities/pgfrcs.code.tex
Package: pgfrcs 2015/08/07 v3.0.1a (rcs-revision 1.31)
))
Package: pgf 2015/08/07 v3.0.1a (rcs-revision 1.15)

(/usr/share/texlive/texmf-dist/tex/latex/pgf/basiclayer/pgfcore.sty
(/usr/share/texlive/texmf-dist/tex/latex/pgf/systemlayer/pgfsys.sty
(/usr/share/texlive/texmf-dist/tex/generic/pgf/systemlayer/pgfsys.code.tex
Package: pgfsys 2014/07/09 v3.0.1a (rcs-revision 1.48)

(/usr/share/texlive/texmf-dist/tex/generic/pgf/utilities/pgfkeys.code.tex
\pgfkeys@pathtoks=\toks17
\pgfkeys@temptoks=\toks18

(/usr/share/texlive/texmf-dist/tex/generic/pgf/utilities/pgfkeysfiltered.code.t
ex
\pgfkeys@tmptoks=\toks19
))
\pgf@x=\dimen107
\pgf@y=\dimen108
\pgf@xa=\dimen109
\pgf@ya=\dimen110
\pgf@xb=\dimen111
\pgf@yb=\dimen112
\pgf@xc=\dimen113
\pgf@yc=\dimen114
\w@pgf@writea=\write3
\r@pgf@reada=\read1
\c@pgf@counta=\count90
\c@pgf@countb=\count91
\c@pgf@countc=\count92
\c@pgf@countd=\count93
\t@pgf@toka=\toks20
\t@pgf@tokb=\toks21
\t@pgf@tokc=\toks22
 (/usr/share/texlive/texmf-dist/tex/generic/pgf/systemlayer/pgf.cfg
File: pgf.cfg 2008/05/14  (rcs-revision 1.7)
)
Driver file for pgf: pgfsys-pdftex.def

(/usr/share/texlive/texmf-dist/tex/generic/pgf/systemlayer/pgfsys-pdftex.def
File: pgfsys-pdftex.def 2014/10/11  (rcs-revision 1.35)

(/usr/share/texlive/texmf-dist/tex/generic/pgf/systemlayer/pgfsys-common-pdf.de
f
File: pgfsys-common-pdf.def 2013/10/10  (rcs-revision 1.13)
)))
(/usr/share/texlive/texmf-dist/tex/generic/pgf/systemlayer/pgfsyssoftpath.code.
tex
File: pgfsyssoftpath.code.tex 2013/09/09  (rcs-revision 1.9)
\pgfsyssoftpath@smallbuffer@items=\count94
\pgfsyssoftpath@bigbuffer@items=\count95
)
(/usr/share/texlive/texmf-dist/tex/generic/pgf/systemlayer/pgfsysprotocol.code.
tex
File: pgfsysprotocol.code.tex 2006/10/16  (rcs-revision 1.4)
)) (/usr/share/texlive/texmf-dist/tex/latex/xcolor/xcolor.sty
Package: xcolor 2007/01/21 v2.11 LaTeX color extensions (UK)

(/usr/share/texlive/texmf-dist/tex/latex/latexconfig/color.cfg
File: color.cfg 2007/01/18 v1.5 color configuration of teTeX/TeXLive
)
Package xcolor Info: Driver file: pdftex.def on input line 225.
Package xcolor Info: Model `cmy' substituted by `cmy0' on input line 1337.
Package xcolor Info: Model `hsb' substituted by `rgb' on input line 1341.
Package xcolor Info: Model `RGB' extended on input line 1353.
Package xcolor Info: Model `HTML' substituted by `rgb' on input line 1355.
Package xcolor Info: Model `Hsb' substituted by `hsb' on input line 1356.
Package xcolor Info: Model `tHsb' substituted by `hsb' on input line 1357.
Package xcolor Info: Model `HSB' substituted by `hsb' on input line 1358.
Package xcolor Info: Model `Gray' substituted by `gray' on input line 1359.
Package xcolor Info: Model `wave' substituted by `hsb' on input line 1360.
)
(/usr/share/texlive/texmf-dist/tex/generic/pgf/basiclayer/pgfcore.code.tex
Package: pgfcore 2010/04/11 v3.0.1a (rcs-revision 1.7)

(/usr/share/texlive/texmf-dist/tex/generic/pgf/math/pgfmath.code.tex
(/usr/share/texlive/texmf-dist/tex/generic/pgf/math/pgfmathcalc.code.tex
(/usr/share/texlive/texmf-dist/tex/generic/pgf/math/pgfmathutil.code.tex)
(/usr/share/texlive/texmf-dist/tex/generic/pgf/math/pgfmathparser.code.tex
\pgfmath@dimen=\dimen115
\pgfmath@count=\count96
\pgfmath@box=\box28
\pgfmath@toks=\toks23
\pgfmath@stack@operand=\toks24
\pgfmath@stack@operation=\toks25
)
(/usr/share/texlive/texmf-dist/tex/generic/pgf/math/pgfmathfunctions.code.tex
(/usr/share/texlive/texmf-dist/tex/generic/pgf/math/pgfmathfunctions.basic.code
.tex)
(/usr/share/texlive/texmf-dist/tex/generic/pgf/math/pgfmathfunctions.trigonomet
ric.code.tex)
(/usr/share/texlive/texmf-dist/tex/generic/pgf/math/pgfmathfunctions.random.cod
e.tex)
(/usr/share/texlive/texmf-dist/tex/generic/pgf/math/pgfmathfunctions.comparison
.code.tex)
(/usr/share/texlive/texmf-dist/tex/generic/pgf/math/pgfmathfunctions.base.code.
tex)
(/usr/share/texlive/texmf-dist/tex/generic/pgf/math/pgfmathfunctions.round.code
.tex)
(/usr/share/texlive/texmf-dist/tex/generic/pgf/math/pgfmathfunctions.misc.code.
tex)
(/usr/share/texlive/texmf-dist/tex/generic/pgf/math/pgfmathfunctions.integerari
thmetics.code.tex)))
(/usr/share/texlive/texmf-dist/tex/generic/pgf/math/pgfmathfloat.code.tex
\c@pgfmathroundto@lastzeros=\count97
))
(/usr/share/texlive/texmf-dist/tex/generic/pgf/basiclayer/pgfcorepoints.code.te
x
File: pgfcorepoints.code.tex 2013/10/07  (rcs-revision 1.27)
\pgf@picminx=\dimen116
\pgf@picmaxx=\dimen117
\pgf@picminy=\dimen118
\pgf@picmaxy=\dimen119
\pgf@pathminx=\dimen120
\pgf@pathmaxx=\dimen121
\pgf@pathminy=\dimen122
\pgf@pathmaxy=\dimen123
\pgf@xx=\dimen124
\pgf@xy=\dimen125
\pgf@yx=\dimen126
\pgf@yy=\dimen127
\pgf@zx=\dimen128
\pgf@zy=\dimen129
)
(/usr/share/texlive/texmf-dist/tex/generic/pgf/basiclayer/pgfcorepathconstruct.
code.tex
File: pgfcorepathconstruct.code.tex 2013/10/07  (rcs-revision 1.29)
\pgf@path@lastx=\dimen130
\pgf@path@lasty=\dimen131
)
(/usr/share/texlive/texmf-dist/tex/generic/pgf/basiclayer/pgfcorepathusage.code
.tex
File: pgfcorepathusage.code.tex 2014/11/02  (rcs-revision 1.24)
\pgf@shorten@end@additional=\dimen132
\pgf@shorten@start@additional=\dimen133
)
(/usr/share/texlive/texmf-dist/tex/generic/pgf/basiclayer/pgfcorescopes.code.te
x
File: pgfcorescopes.code.tex 2015/05/08  (rcs-revision 1.46)
\pgfpic=\box29
\pgf@hbox=\box30
\pgf@layerbox@main=\box31
\pgf@picture@serial@count=\count98
)
(/usr/share/texlive/texmf-dist/tex/generic/pgf/basiclayer/pgfcoregraphicstate.c
ode.tex
File: pgfcoregraphicstate.code.tex 2014/11/02  (rcs-revision 1.12)
\pgflinewidth=\dimen134
)
(/usr/share/texlive/texmf-dist/tex/generic/pgf/basiclayer/pgfcoretransformation
s.code.tex
File: pgfcoretransformations.code.tex 2015/08/07  (rcs-revision 1.20)
\pgf@pt@x=\dimen135
\pgf@pt@y=\dimen136
\pgf@pt@temp=\dimen137
)
(/usr/share/texlive/texmf-dist/tex/generic/pgf/basiclayer/pgfcorequick.code.tex
File: pgfcorequick.code.tex 2008/10/09  (rcs-revision 1.3)
)
(/usr/share/texlive/texmf-dist/tex/generic/pgf/basiclayer/pgfcoreobjects.code.t
ex
File: pgfcoreobjects.code.tex 2006/10/11  (rcs-revision 1.2)
)
(/usr/share/texlive/texmf-dist/tex/generic/pgf/basiclayer/pgfcorepathprocessing
.code.tex
File: pgfcorepathprocessing.code.tex 2013/09/09  (rcs-revision 1.9)
)
(/usr/share/texlive/texmf-dist/tex/generic/pgf/basiclayer/pgfcorearrows.code.te
x
File: pgfcorearrows.code.tex 2015/05/14  (rcs-revision 1.43)
\pgfarrowsep=\dimen138
)
(/usr/share/texlive/texmf-dist/tex/generic/pgf/basiclayer/pgfcoreshade.code.tex
File: pgfcoreshade.code.tex 2013/07/15  (rcs-revision 1.15)
\pgf@max=\dimen139
\pgf@sys@shading@range@num=\count99
)
(/usr/share/texlive/texmf-dist/tex/generic/pgf/basiclayer/pgfcoreimage.code.tex
File: pgfcoreimage.code.tex 2013/07/15  (rcs-revision 1.18)

(/usr/share/texlive/texmf-dist/tex/generic/pgf/basiclayer/pgfcoreexternal.code.
tex
File: pgfcoreexternal.code.tex 2014/07/09  (rcs-revision 1.21)
\pgfexternal@startupbox=\box32
))
(/usr/share/texlive/texmf-dist/tex/generic/pgf/basiclayer/pgfcorelayers.code.te
x
File: pgfcorelayers.code.tex 2013/07/18  (rcs-revision 1.7)
)
(/usr/share/texlive/texmf-dist/tex/generic/pgf/basiclayer/pgfcoretransparency.c
ode.tex
File: pgfcoretransparency.code.tex 2013/09/30  (rcs-revision 1.5)
)
(/usr/share/texlive/texmf-dist/tex/generic/pgf/basiclayer/pgfcorepatterns.code.
tex
File: pgfcorepatterns.code.tex 2013/11/07  (rcs-revision 1.5)
)))
(/usr/share/texlive/texmf-dist/tex/generic/pgf/modules/pgfmoduleshapes.code.tex
File: pgfmoduleshapes.code.tex 2014/03/21  (rcs-revision 1.35)
\pgfnodeparttextbox=\box33
) (/usr/share/texlive/texmf-dist/tex/generic/pgf/modules/pgfmoduleplot.code.tex
File: pgfmoduleplot.code.tex 2015/08/03  (rcs-revision 1.13)
)
(/usr/share/texlive/texmf-dist/tex/latex/pgf/compatibility/pgfcomp-version-0-65
.sty
Package: pgfcomp-version-0-65 2007/07/03 v3.0.1a (rcs-revision 1.7)
\pgf@nodesepstart=\dimen140
\pgf@nodesepend=\dimen141
)
(/usr/share/texlive/texmf-dist/tex/latex/pgf/compatibility/pgfcomp-version-1-18
.sty
Package: pgfcomp-version-1-18 2007/07/23 v3.0.1a (rcs-revision 1.1)
)) (/usr/share/texlive/texmf-dist/tex/latex/pgf/utilities/pgffor.sty
(/usr/share/texlive/texmf-dist/tex/latex/pgf/utilities/pgfkeys.sty
(/usr/share/texlive/texmf-dist/tex/generic/pgf/utilities/pgfkeys.code.tex))
(/usr/share/texlive/texmf-dist/tex/latex/pgf/math/pgfmath.sty
(/usr/share/texlive/texmf-dist/tex/generic/pgf/math/pgfmath.code.tex))
(/usr/share/texlive/texmf-dist/tex/generic/pgf/utilities/pgffor.code.tex
Package: pgffor 2013/12/13 v3.0.1a (rcs-revision 1.25)

(/usr/share/texlive/texmf-dist/tex/generic/pgf/math/pgfmath.code.tex)
\pgffor@iter=\dimen142
\pgffor@skip=\dimen143
\pgffor@stack=\toks26
\pgffor@toks=\toks27
))
(/usr/share/texlive/texmf-dist/tex/generic/pgf/frontendlayer/tikz/tikz.code.tex
Package: tikz 2015/08/07 v3.0.1a (rcs-revision 1.151)

(/usr/share/texlive/texmf-dist/tex/generic/pgf/libraries/pgflibraryplothandlers
.code.tex
File: pgflibraryplothandlers.code.tex 2013/08/31 v3.0.1a (rcs-revision 1.20)
\pgf@plot@mark@count=\count100
\pgfplotmarksize=\dimen144
)
\tikz@lastx=\dimen145
\tikz@lasty=\dimen146
\tikz@lastxsaved=\dimen147
\tikz@lastysaved=\dimen148
\tikzleveldistance=\dimen149
\tikzsiblingdistance=\dimen150
\tikz@figbox=\box34
\tikz@figbox@bg=\box35
\tikz@tempbox=\box36
\tikz@tempbox@bg=\box37
\tikztreelevel=\count101
\tikznumberofchildren=\count102
\tikznumberofcurrentchild=\count103
\tikz@fig@count=\count104

(/usr/share/texlive/texmf-dist/tex/generic/pgf/modules/pgfmodulematrix.code.tex
File: pgfmodulematrix.code.tex 2013/09/17  (rcs-revision 1.8)
\pgfmatrixcurrentrow=\count105
\pgfmatrixcurrentcolumn=\count106
\pgf@matrix@numberofcolumns=\count107
)
\tikz@expandcount=\count108

(/usr/share/texlive/texmf-dist/tex/generic/pgf/frontendlayer/tikz/libraries/tik
zlibrarytopaths.code.tex
File: tikzlibrarytopaths.code.tex 2008/06/17 v3.0.1a (rcs-revision 1.2)
)))
(/usr/share/texlive/texmf-dist/tex/generic/pgf/frontendlayer/tikz/libraries/tik
zlibraryarrows.code.tex
File: tikzlibraryarrows.code.tex 2008/01/09 v3.0.1a (rcs-revision 1.1)

(/usr/share/texlive/texmf-dist/tex/generic/pgf/libraries/pgflibraryarrows.code.
tex
File: pgflibraryarrows.code.tex 2013/09/23 v3.0.1a (rcs-revision 1.16)
\arrowsize=\dimen151
))
(/usr/share/texlive/texmf-dist/tex/generic/pgf/frontendlayer/tikz/libraries/tik
zlibrarybackgrounds.code.tex
File: tikzlibrarybackgrounds.code.tex 2013/07/18 v3.0.1a (rcs-revision 1.3)
\pgf@layerbox@background=\box38
\pgf@layerboxsaved@background=\box39
)
(/usr/share/texlive/texmf-dist/tex/generic/pgf/frontendlayer/tikz/libraries/tik
zlibrarycalc.code.tex
File: tikzlibrarycalc.code.tex 2013/07/15 v3.0.1a (rcs-revision 1.9)
)
(/usr/share/texlive/texmf-dist/tex/generic/pgf/frontendlayer/tikz/libraries/tik
zlibrarypatterns.code.tex
File: tikzlibrarypatterns.code.tex 2008/01/15 v3.0.1a (rcs-revision 1.2)

(/usr/share/texlive/texmf-dist/tex/generic/pgf/libraries/pgflibrarypatterns.cod
e.tex
File: pgflibrarypatterns.code.tex 2008/03/03 v3.0.1a (rcs-revision 1.13)
))
(/usr/share/texlive/texmf-dist/tex/generic/pgf/frontendlayer/tikz/libraries/tik
zlibrarypositioning.code.tex
File: tikzlibrarypositioning.code.tex 2008/10/06 v3.0.1a (rcs-revision 1.7)
)
(/usr/share/texlive/texmf-dist/tex/generic/pgf/frontendlayer/tikz/libraries/tik
zlibraryshapes.geometric.code.tex
File: tikzlibraryshapes.geometric.code.tex 2008/01/09 v3.0.1a (rcs-revision 1.1
)

(/usr/share/texlive/texmf-dist/tex/generic/pgf/libraries/shapes/pgflibraryshape
s.geometric.code.tex
File: pgflibraryshapes.geometric.code.tex 2008/06/26 v3.0.1a (rcs-revision 1.1)

))
(/usr/share/texlive/texmf-dist/tex/latex/pgf/utilities/pgfcalendar.sty
(/usr/share/texlive/texmf-dist/tex/generic/pgf/utilities/pgfcalendar.code.tex
File: pgfcalendar.code.tex 2007/07/23 v3.0.1a (rcs-revision 1.11)
\pgfcalendarcurrentjulian=\count109
))
\gtt@currentline=\count110
\gtt@lasttitleline=\count111
\gtt@currgrid=\count112
\gtt@chartwidth=\count113
\gtt@lasttitleslot=\count114
\gtt@elementid=\count115
\gtt@today@slot=\count116
\gtt@startjulian=\count117
\gtt@endjulian=\count118
\gtt@calendar@slots=\count119
\gtt@calendar@weeknumber=\count120
\gtt@calendar@startofweek=\count121
\gtt@left@slot=\count122
\gtt@right@slot=\count123
) (/usr/share/texlive/texmf-dist/tex/latex/natbib/natbib.sty
Package: natbib 2010/09/13 8.31b (PWD, AO)
\bibhang=\skip45
\bibsep=\skip46
LaTeX Info: Redefining \cite on input line 694.
\c@NAT@ctr=\count124
) (./cuthesis.sty
Concordia University Thesis Style, Steve Malowany <10 Jan 1992>
                          revised by Stan Swiercz <28 Mar 1995>
                        revised by Patrice Chalin <12 Sep 1995>
                          revised by Stan Swiercz <24 Sep 1996>
) (/usr/share/texlive/texmf-dist/tex/generic/babel/babel.sty
Package: babel 2016/02/24 3.9q The Babel package

(/usr/share/texlive/texmf-dist/tex/generic/babel-english/english.ldf
Language: english 2012/08/20 v3.3p English support from the babel system

(/usr/share/texlive/texmf-dist/tex/generic/babel/babel.def
File: babel.def 2016/02/24 3.9q Babel common definitions
\babel@savecnt=\count125
\U@D=\dimen152
)
\l@canadian = a dialect from \language\l@american 
\l@australian = a dialect from \language\l@british 
\l@newzealand = a dialect from \language\l@british 
))
(/usr/share/texlive/texmf-dist/tex/latex/graphics/lscape.sty
Package: lscape 2000/10/22 v3.01 Landscape Pages (DPC)
)
(/usr/share/texlive/texmf-dist/tex/latex/amsmath/amsmath.sty
Package: amsmath 2016/03/03 v2.15a AMS math features
\@mathmargin=\skip47

For additional information on amsmath, use the `?' option.
(/usr/share/texlive/texmf-dist/tex/latex/amsmath/amstext.sty
Package: amstext 2000/06/29 v2.01 AMS text

(/usr/share/texlive/texmf-dist/tex/latex/amsmath/amsgen.sty
File: amsgen.sty 1999/11/30 v2.0 generic functions
\@emptytoks=\toks28
\ex@=\dimen153
))
(/usr/share/texlive/texmf-dist/tex/latex/amsmath/amsbsy.sty
Package: amsbsy 1999/11/29 v1.2d Bold Symbols
\pmbraise@=\dimen154
)
(/usr/share/texlive/texmf-dist/tex/latex/amsmath/amsopn.sty
Package: amsopn 1999/12/14 v2.01 operator names
)
\inf@bad=\count126
LaTeX Info: Redefining \frac on input line 199.
\uproot@=\count127
\leftroot@=\count128
LaTeX Info: Redefining \overline on input line 297.
\classnum@=\count129
\DOTSCASE@=\count130
LaTeX Info: Redefining \ldots on input line 394.
LaTeX Info: Redefining \dots on input line 397.
LaTeX Info: Redefining \cdots on input line 518.
\Mathstrutbox@=\box40
\strutbox@=\box41
\big@size=\dimen155
LaTeX Font Info:    Redeclaring font encoding OML on input line 630.
LaTeX Font Info:    Redeclaring font encoding OMS on input line 631.
\macc@depth=\count131
\c@MaxMatrixCols=\count132
\dotsspace@=\muskip11
\c@parentequation=\count133
\dspbrk@lvl=\count134
\tag@help=\toks29
\row@=\count135
\column@=\count136
\maxfields@=\count137
\andhelp@=\toks30
\eqnshift@=\dimen156
\alignsep@=\dimen157
\tagshift@=\dimen158
\tagwidth@=\dimen159
\totwidth@=\dimen160
\lineht@=\dimen161
\@envbody=\toks31
\multlinegap=\skip48
\multlinetaggap=\skip49
\mathdisplay@stack=\toks32
LaTeX Info: Redefining \[ on input line 2735.
LaTeX Info: Redefining \] on input line 2736.
)
(/usr/share/texlive/texmf-dist/tex/latex/tools/longtable.sty
Package: longtable 2014/10/28 v4.11 Multi-page Table package (DPC)
\LTleft=\skip50
\LTright=\skip51
\LTpre=\skip52
\LTpost=\skip53
\LTchunksize=\count138
\LTcapwidth=\dimen162
\LT@head=\box42
\LT@firsthead=\box43
\LT@foot=\box44
\LT@lastfoot=\box45
\LT@cols=\count139
\LT@rows=\count140
\c@LT@tables=\count141
\c@LT@chunks=\count142
\LT@p@ftn=\toks33
)
(/usr/share/texlive/texmf-dist/tex/latex/multirow/multirow.sty
\bigstrutjot=\dimen163
)
(/usr/share/texlive/texmf-dist/tex/latex/algorithm2e/algorithm2e.sty
Package: algorithm2e 2013/01/06 v5.00 algorithms environments
\c@AlgoLine=\count143
\algocf@hangindent=\skip54

(/usr/share/texlive/texmf-dist/tex/latex/tools/xspace.sty
Package: xspace 2014/10/28 v1.13 Space after command names (DPC,MH)
)
(/usr/share/texlive/texmf-dist/tex/latex/relsize/relsize.sty
Package: relsize 2013/03/29 ver 4.1
)
********************************************************
Package `algorithm2e' Release 5.1 -- october 19 2015 --
- algorithm2e-announce@lirmm.fr mailing list for announcement about releases
- algorithm2e-discussion@lirmm.fr mailing list for discussion about package
subscribe by emailing sympa@lirmm.fr with 'subscribe <list> <firstname name>'
- Author: Christophe Fiorio (christophe.fiorio@umontpellier.fr)
********************************************************
\skiptotal=\skip55
\skiplinenumber=\skip56
\skiprule=\skip57
\skiphlne=\skip58
\skiptext=\skip59
\skiplength=\skip60
\algomargin=\skip61
\skipalgocfslide=\skip62
\algowidth=\dimen164
\inoutsize=\dimen165
\inoutindent=\dimen166
\interspacetitleruled=\dimen167
\interspacealgoruled=\dimen168
\interspacetitleboxruled=\dimen169
\algocf@ruledwidth=\skip63
\algocf@inoutbox=\box46
\algocf@inputbox=\box47
\AlCapSkip=\skip64
\AlCapHSkip=\skip65
\algoskipindent=\skip66
\algocf@nlbox=\box48
\algocf@hangingbox=\box49
\algocf@untilbox=\box50
\algocf@skipuntil=\skip67
\algocf@capbox=\box51
\algoheightruledefault=\skip68
\algoheightrule=\skip69
\algotitleheightruledefault=\skip70
\algotitleheightrule=\skip71
\c@algocfline=\count144
\c@algocfproc=\count145
\c@algocf=\count146
\algocf@algoframe=\box52
\algocf@algobox=\box53
) (/usr/share/texlive/texmf-dist/tex/latex/xargs/xargs.sty
Package: xargs 2008/03/22 v1.1  extended macro definitions  (mpg)

(/usr/share/texlive/texmf-dist/tex/latex/xkeyval/xkeyval.sty
Package: xkeyval 2014/12/03 v2.7a package option processing (HA)

(/usr/share/texlive/texmf-dist/tex/generic/xkeyval/xkeyval.tex
(/usr/share/texlive/texmf-dist/tex/generic/xkeyval/xkvutils.tex
\XKV@toks=\toks34
\XKV@tempa@toks=\toks35
)
\XKV@depth=\count147
File: xkeyval.tex 2014/12/03 v2.7a key=value parser (HA)
))
\xargs@max=\count148
\xargs@toksa=\toks36
\xargs@toksb=\toks37
)
(/usr/share/texlive/texmf-dist/tex/latex/colortbl/colortbl.sty
Package: colortbl 2012/02/13 v1.0a Color table columns (DPC)

(/usr/share/texlive/texmf-dist/tex/latex/tools/array.sty
Package: array 2014/10/28 v2.4c Tabular extension package (FMi)
\col@sep=\dimen170
\extrarowheight=\dimen171
\NC@list=\toks38
\extratabsurround=\skip72
\backup@length=\skip73
)
\everycr=\toks39
\minrowclearance=\skip74
)
(/usr/share/texlive/texmf-dist/tex/latex/hyperref/hyperref.sty
Package: hyperref 2012/11/06 v6.83m Hypertext links for LaTeX

(/usr/share/texlive/texmf-dist/tex/generic/oberdiek/hobsub-hyperref.sty
Package: hobsub-hyperref 2012/05/28 v1.13 Bundle oberdiek, subset hyperref (HO)


(/usr/share/texlive/texmf-dist/tex/generic/oberdiek/hobsub-generic.sty
Package: hobsub-generic 2012/05/28 v1.13 Bundle oberdiek, subset generic (HO)
Package: hobsub 2012/05/28 v1.13 Construct package bundles (HO)
Package hobsub Info: Skipping package `infwarerr' (already loaded).
Package hobsub Info: Skipping package `ltxcmds' (already loaded).
Package: ifluatex 2010/03/01 v1.3 Provides the ifluatex switch (HO)
Package ifluatex Info: LuaTeX not detected.
Package: ifvtex 2010/03/01 v1.5 Detect VTeX and its facilities (HO)
Package ifvtex Info: VTeX not detected.
Package: intcalc 2007/09/27 v1.1 Expandable calculations with integers (HO)
Package: ifpdf 2011/01/30 v2.3 Provides the ifpdf switch (HO)
Package ifpdf Info: pdfTeX in PDF mode is detected.
Package: etexcmds 2011/02/16 v1.5 Avoid name clashes with e-TeX commands (HO)
Package etexcmds Info: Could not find \expanded.
(etexcmds)             That can mean that you are not using pdfTeX 1.50 or
(etexcmds)             that some package has redefined \expanded.
(etexcmds)             In the latter case, load this package earlier.
Package: kvsetkeys 2012/04/25 v1.16 Key value parser (HO)
Package: kvdefinekeys 2011/04/07 v1.3 Define keys (HO)
Package: pdftexcmds 2011/11/29 v0.20 Utility functions of pdfTeX for LuaTeX (HO
)
Package pdftexcmds Info: LuaTeX not detected.
Package pdftexcmds Info: \pdf@primitive is available.
Package pdftexcmds Info: \pdf@ifprimitive is available.
Package pdftexcmds Info: \pdfdraftmode found.
Package: pdfescape 2011/11/25 v1.13 Implements pdfTeX's escape features (HO)
Package: bigintcalc 2012/04/08 v1.3 Expandable calculations on big integers (HO
)
Package: bitset 2011/01/30 v1.1 Handle bit-vector datatype (HO)
Package: uniquecounter 2011/01/30 v1.2 Provide unlimited unique counter (HO)
)
Package hobsub Info: Skipping package `hobsub' (already loaded).
Package: letltxmacro 2010/09/02 v1.4 Let assignment for LaTeX macros (HO)
Package: hopatch 2012/05/28 v1.2 Wrapper for package hooks (HO)
Package: xcolor-patch 2011/01/30 xcolor patch
Package: atveryend 2011/06/30 v1.8 Hooks at the very end of document (HO)
Package atveryend Info: \enddocument detected (standard20110627).
Package: atbegshi 2011/10/05 v1.16 At begin shipout hook (HO)
Package: refcount 2011/10/16 v3.4 Data extraction from label references (HO)
Package: hycolor 2011/01/30 v1.7 Color options for hyperref/bookmark (HO)
)
(/usr/share/texlive/texmf-dist/tex/generic/ifxetex/ifxetex.sty
Package: ifxetex 2010/09/12 v0.6 Provides ifxetex conditional
)
(/usr/share/texlive/texmf-dist/tex/latex/oberdiek/auxhook.sty
Package: auxhook 2011/03/04 v1.3 Hooks for auxiliary files (HO)
)
(/usr/share/texlive/texmf-dist/tex/latex/oberdiek/kvoptions.sty
Package: kvoptions 2011/06/30 v3.11 Key value format for package options (HO)
)
\@linkdim=\dimen172
\Hy@linkcounter=\count149
\Hy@pagecounter=\count150

(/usr/share/texlive/texmf-dist/tex/latex/hyperref/pd1enc.def
File: pd1enc.def 2012/11/06 v6.83m Hyperref: PDFDocEncoding definition (HO)
)
\Hy@SavedSpaceFactor=\count151

(/usr/share/texlive/texmf-dist/tex/latex/latexconfig/hyperref.cfg
File: hyperref.cfg 2002/06/06 v1.2 hyperref configuration of TeXLive
)
Package hyperref Info: Option `bookmarksopen' set `true' on input line 4319.
Package hyperref Info: Option `breaklinks' set `true' on input line 4319.
Package hyperref Info: Hyper figures OFF on input line 4443.
Package hyperref Info: Link nesting OFF on input line 4448.
Package hyperref Info: Hyper index ON on input line 4451.
Package hyperref Info: Plain pages OFF on input line 4458.
Package hyperref Info: Backreferencing OFF on input line 4463.
Package hyperref Info: Implicit mode ON; LaTeX internals redefined.
Package hyperref Info: Bookmarks ON on input line 4688.
\c@Hy@tempcnt=\count152
LaTeX Info: Redefining \url on input line 5041.
\XeTeXLinkMargin=\dimen173
\Fld@menulength=\count153
\Field@Width=\dimen174
\Fld@charsize=\dimen175
Package hyperref Info: Hyper figures OFF on input line 6295.
Package hyperref Info: Link nesting OFF on input line 6300.
Package hyperref Info: Hyper index ON on input line 6303.
Package hyperref Info: backreferencing OFF on input line 6310.
Package hyperref Info: Link coloring OFF on input line 6315.
Package hyperref Info: Link coloring with OCG OFF on input line 6320.
Package hyperref Info: PDF/A mode OFF on input line 6325.
LaTeX Info: Redefining \ref on input line 6365.
LaTeX Info: Redefining \pageref on input line 6369.
\Hy@abspage=\count154
\c@Item=\count155
\c@Hfootnote=\count156
)

Package hyperref Message: Driver (autodetected): hpdftex.

(/usr/share/texlive/texmf-dist/tex/latex/hyperref/hpdftex.def
File: hpdftex.def 2012/11/06 v6.83m Hyperref driver for pdfTeX
\Fld@listcount=\count157
\c@bookmark@seq@number=\count158

(/usr/share/texlive/texmf-dist/tex/latex/oberdiek/rerunfilecheck.sty
Package: rerunfilecheck 2011/04/15 v1.7 Rerun checks for auxiliary files (HO)
Package uniquecounter Info: New unique counter `rerunfilecheck' on input line 2
82.
)
\Hy@SectionHShift=\skip75
)
(/usr/share/texlive/texmf-dist/tex/latex/pgfplots/pgfplots.sty
(/usr/share/texlive/texmf-dist/tex/generic/pgfplots/pgfplots.revision.tex)
Package: pgfplots 2016/01/06 v1.13 Data Visualization (1.13)

(/usr/share/texlive/texmf-dist/tex/generic/pgfplots/pgfplots.code.tex
(/usr/share/texlive/texmf-dist/tex/generic/pgfplots/pgfplotscore.code.tex
\t@pgfplots@toka=\toks40
\t@pgfplots@tokb=\toks41
\t@pgfplots@tokc=\toks42
\pgfplots@tmpa=\dimen176
\c@pgfplots@coordindex=\count159
\c@pgfplots@scanlineindex=\count160

(/usr/share/texlive/texmf-dist/tex/generic/pgfplots/sys/pgfplotssysgeneric.code
.tex))
(/usr/share/texlive/texmf-dist/tex/generic/pgfplots/libs/pgfplotslibrary.code.t
ex)
(/usr/share/texlive/texmf-dist/tex/generic/pgfplots/oldpgfcompatib/pgfplotsoldp
gfsupp_loader.code.tex
(/usr/share/texlive/texmf-dist/tex/generic/pgf/libraries/pgflibraryfpu.code.tex
)
Package pgfplots: loading complementary arithmetics for your pgf version...

(/usr/share/texlive/texmf-dist/tex/generic/pgfplots/oldpgfcompatib/pgfplotsoldp
gfsupp_pgflibraryfpu.code.tex)
(/usr/share/texlive/texmf-dist/tex/generic/pgfplots/oldpgfcompatib/pgfplotsoldp
gfsupp_pgfmathfloat.code.tex
\c@pgfmathroundto@lastzeros=\count161
))
(/usr/share/texlive/texmf-dist/tex/generic/pgfplots/util/pgfplotsutil.code.tex
(/usr/share/texlive/texmf-dist/tex/generic/pgfplots/liststructure/pgfplotslists
tructure.code.tex)
(/usr/share/texlive/texmf-dist/tex/generic/pgfplots/liststructure/pgfplotslists
tructureext.code.tex)
(/usr/share/texlive/texmf-dist/tex/generic/pgfplots/liststructure/pgfplotsarray
.code.tex
\c@pgfplotsarray@tmp=\count162
)
(/usr/share/texlive/texmf-dist/tex/generic/pgfplots/liststructure/pgfplotsmatri
x.code.tex)
(/usr/share/texlive/texmf-dist/tex/generic/pgfplots/numtable/pgfplotstableshare
d.code.tex
\c@pgfplotstable@counta=\count163
\t@pgfplotstable@a=\toks43
)
(/usr/share/texlive/texmf-dist/tex/generic/pgfplots/liststructure/pgfplotsdeque
.code.tex)
(/usr/share/texlive/texmf-dist/tex/generic/pgfplots/util/pgfplotsbinary.code.te
x
(/usr/share/texlive/texmf-dist/tex/generic/pgfplots/util/pgfplotsbinary.data.co
de.tex))
(/usr/share/texlive/texmf-dist/tex/generic/pgfplots/util/pgfplotsutil.verb.code
.tex)
(/usr/share/texlive/texmf-dist/tex/generic/pgfplots/libs/pgflibrarypgfplots.sur
fshading.code.tex
\c@pgfplotslibrarysurf@no=\count164

(/usr/share/texlive/texmf-dist/tex/generic/pgfplots/sys/pgflibrarypgfplots.surf
shading.pgfsys-pdftex.def)))
(/usr/share/texlive/texmf-dist/tex/generic/pgfplots/util/pgfplotscolormap.code.
tex
(/usr/share/texlive/texmf-dist/tex/generic/pgfplots/util/pgfplotscolor.code.tex
))
(/usr/share/texlive/texmf-dist/tex/generic/pgfplots/pgfplotsstackedplots.code.t
ex)
(/usr/share/texlive/texmf-dist/tex/generic/pgfplots/pgfplotsplothandlers.code.t
ex
(/usr/share/texlive/texmf-dist/tex/generic/pgfplots/pgfplotsmeshplothandler.cod
e.tex
(/usr/share/texlive/texmf-dist/tex/generic/pgfplots/pgfplotsmeshplotimage.code.
tex)))
(/usr/share/texlive/texmf-dist/tex/generic/pgfplots/pgfplots.scaling.code.tex)
(/usr/share/texlive/texmf-dist/tex/generic/pgfplots/pgfplotscoordprocessing.cod
e.tex)
(/usr/share/texlive/texmf-dist/tex/generic/pgfplots/pgfplots.errorbars.code.tex
) (/usr/share/texlive/texmf-dist/tex/generic/pgfplots/pgfplots.markers.code.tex
) (/usr/share/texlive/texmf-dist/tex/generic/pgfplots/pgfplotsticks.code.tex)
(/usr/share/texlive/texmf-dist/tex/generic/pgfplots/pgfplots.paths.code.tex)
(/usr/share/texlive/texmf-dist/tex/generic/pgf/frontendlayer/tikz/libraries/tik
zlibrarydecorations.code.tex
(/usr/share/texlive/texmf-dist/tex/generic/pgf/modules/pgfmoduledecorations.cod
e.tex
\pgfdecoratedcompleteddistance=\dimen177
\pgfdecoratedremainingdistance=\dimen178
\pgfdecoratedinputsegmentcompleteddistance=\dimen179
\pgfdecoratedinputsegmentremainingdistance=\dimen180
\pgf@decorate@distancetomove=\dimen181
\pgf@decorate@repeatstate=\count165
\pgfdecorationsegmentamplitude=\dimen182
\pgfdecorationsegmentlength=\dimen183
)
\tikz@lib@dec@box=\box54
)
(/usr/share/texlive/texmf-dist/tex/generic/pgf/frontendlayer/tikz/libraries/tik
zlibrarydecorations.pathmorphing.code.tex
(/usr/share/texlive/texmf-dist/tex/generic/pgf/libraries/decorations/pgflibrary
decorations.pathmorphing.code.tex))
(/usr/share/texlive/texmf-dist/tex/generic/pgf/frontendlayer/tikz/libraries/tik
zlibrarydecorations.pathreplacing.code.tex
(/usr/share/texlive/texmf-dist/tex/generic/pgf/libraries/decorations/pgflibrary
decorations.pathreplacing.code.tex))
\pgfplots@numplots=\count166
\pgfplots@xmin@reg=\dimen184
\pgfplots@xmax@reg=\dimen185
\pgfplots@ymin@reg=\dimen186
\pgfplots@ymax@reg=\dimen187
\pgfplots@zmin@reg=\dimen188
\pgfplots@zmax@reg=\dimen189
)
(/usr/share/texlive/texmf-dist/tex/generic/pgf/frontendlayer/tikz/libraries/tik
zlibraryplotmarks.code.tex
File: tikzlibraryplotmarks.code.tex 2008/01/09 v3.0.1a (rcs-revision 1.1)

(/usr/share/texlive/texmf-dist/tex/generic/pgf/libraries/pgflibraryplotmarks.co
de.tex
File: pgflibraryplotmarks.code.tex 2015/08/03 v3.0.1a (rcs-revision 1.14)
))) (/usr/share/texlive/texmf-dist/tex/latex/moreverb/moreverb.sty
Package: moreverb 2008/06/03 v2.3a `more' verbatim facilities

(/usr/share/texlive/texmf-dist/tex/latex/tools/verbatim.sty
Package: verbatim 2014/10/28 v1.5q LaTeX2e package for verbatim enhancements
\every@verbatim=\toks44
\verbatim@line=\toks45
\verbatim@in@stream=\read2
)
\tab@position=\count167
\tab@size=\count168
\listing@line=\count169
)
(/usr/share/texlive/texmf-dist/tex/latex/listings/listings.sty
\lst@mode=\count170
\lst@gtempboxa=\box55
\lst@token=\toks46
\lst@length=\count171
\lst@currlwidth=\dimen190
\lst@column=\count172
\lst@pos=\count173
\lst@lostspace=\dimen191
\lst@width=\dimen192
\lst@newlines=\count174
\lst@lineno=\count175
\lst@maxwidth=\dimen193

(/usr/share/texlive/texmf-dist/tex/latex/listings/lstmisc.sty
File: lstmisc.sty 2015/06/04 1.6 (Carsten Heinz)
\c@lstnumber=\count176
\lst@skipnumbers=\count177
\lst@framebox=\box56
)
(/usr/share/texlive/texmf-dist/tex/latex/listings/listings.cfg
File: listings.cfg 2015/06/04 1.6 listings configuration
))
Package: listings 2015/06/04 1.6 (Carsten Heinz)

(/usr/share/texlive/texmf-dist/tex/latex/amsfonts/amssymb.sty
Package: amssymb 2013/01/14 v3.01 AMS font symbols

(/usr/share/texlive/texmf-dist/tex/latex/amsfonts/amsfonts.sty
Package: amsfonts 2013/01/14 v3.01 Basic AMSFonts support
\symAMSa=\mathgroup4
\symAMSb=\mathgroup5
LaTeX Font Info:    Overwriting math alphabet `\mathfrak' in version `bold'
(Font)                  U/euf/m/n --> U/euf/b/n on input line 106.
))
(/usr/share/texlive/texmf-dist/tex/latex/psnfss/pifont.sty
Package: pifont 2005/04/12 PSNFSS-v9.2a Pi font support (SPQR) 
LaTeX Font Info:    Try loading font information for U+pzd on input line 63.

(/usr/share/texlive/texmf-dist/tex/latex/psnfss/upzd.fd
File: upzd.fd 2001/06/04 font definitions for U/pzd.
)
LaTeX Font Info:    Try loading font information for U+psy on input line 64.

(/usr/share/texlive/texmf-dist/tex/latex/psnfss/upsy.fd
File: upsy.fd 2001/06/04 font definitions for U/psy.
))
(/usr/share/texlive/texmf-dist/tex/latex/todonotes/todonotes.sty
Package: todonotes 2015/07/09 .dtx Todonotes source and documentation.
Package: todonotes 2012/07/25

(/usr/share/texlive/texmf-dist/tex/latex/tools/calc.sty
Package: calc 2014/10/28 v4.3 Infix arithmetic (KKT,FJ)
\calc@Acount=\count178
\calc@Bcount=\count179
\calc@Adimen=\dimen194
\calc@Bdimen=\dimen195
\calc@Askip=\skip76
\calc@Bskip=\skip77
LaTeX Info: Redefining \setlength on input line 80.
LaTeX Info: Redefining \addtolength on input line 81.
\calc@Ccount=\count180
\calc@Cskip=\skip78
)
\c@@todonotes@numberoftodonotes=\count181
)
(./Nayrolles_PhD_S2018.aux

LaTeX Warning: Label `sec:version-control' multiply defined.


LaTeX Warning: Label `sec:clustering' multiply defined.


LaTeX Warning: Label `fig:dep-graph' multiply defined.


LaTeX Warning: Label `fig:network-sample' multiply defined.


LaTeX Warning: Label `sec:offline' multiply defined.


LaTeX Warning: Label `sec:online' multiply defined.


LaTeX Warning: Label `sec:rep' multiply defined.


LaTeX Warning: Label `sec:dependencies' multiply defined.


LaTeX Warning: Label `sub:golden' multiply defined.


LaTeX Warning: Label `sec:newcommits' multiply defined.

)
\openout1 = `Nayrolles_PhD_S2018.aux'.

LaTeX Font Info:    Checking defaults for OML/cmm/m/it on input line 74.
LaTeX Font Info:    ... okay on input line 74.
LaTeX Font Info:    Checking defaults for T1/cmr/m/n on input line 74.
LaTeX Font Info:    ... okay on input line 74.
LaTeX Font Info:    Checking defaults for OT1/cmr/m/n on input line 74.
LaTeX Font Info:    ... okay on input line 74.
LaTeX Font Info:    Checking defaults for OMS/cmsy/m/n on input line 74.
LaTeX Font Info:    ... okay on input line 74.
LaTeX Font Info:    Checking defaults for OMX/cmex/m/n on input line 74.
LaTeX Font Info:    ... okay on input line 74.
LaTeX Font Info:    Checking defaults for U/cmr/m/n on input line 74.
LaTeX Font Info:    ... okay on input line 74.
LaTeX Font Info:    Checking defaults for PD1/pdf/m/n on input line 74.
LaTeX Font Info:    ... okay on input line 74.
 (/usr/share/texlive/texmf-dist/tex/context/base/supp-pdf.mkii
[Loading MPS to PDF converter (version 2006.09.02).]
\scratchcounter=\count182
\scratchdimen=\dimen196
\scratchbox=\box57
\nofMPsegments=\count183
\nofMParguments=\count184
\everyMPshowfont=\toks47
\MPscratchCnt=\count185
\MPscratchDim=\dimen197
\MPnumerator=\count186
\makeMPintoPDFobject=\count187
\everyMPtoPDFconversion=\toks48
) (/usr/share/texlive/texmf-dist/tex/latex/oberdiek/epstopdf-base.sty
Package: epstopdf-base 2010/02/09 v2.5 Base part for package epstopdf

(/usr/share/texlive/texmf-dist/tex/latex/oberdiek/grfext.sty
Package: grfext 2010/08/19 v1.1 Manage graphics extensions (HO)
)
Package grfext Info: Graphics extension search list:
(grfext)             [.png,.pdf,.jpg,.mps,.jpeg,.jbig2,.jb2,.PNG,.PDF,.JPG,.JPE
G,.JBIG2,.JB2,.eps]
(grfext)             \AppendGraphicsExtensions on input line 452.

(/usr/share/texlive/texmf-dist/tex/latex/latexconfig/epstopdf-sys.cfg
File: epstopdf-sys.cfg 2010/07/13 v1.3 Configuration of (r)epstopdf for TeX Liv
e
))
ABD: EveryShipout initializing macros
\AtBeginShipoutBox=\box58
Package hyperref Info: Link coloring OFF on input line 74.

(/usr/share/texlive/texmf-dist/tex/latex/hyperref/nameref.sty
Package: nameref 2012/10/27 v2.43 Cross-referencing by name of section

(/usr/share/texlive/texmf-dist/tex/generic/oberdiek/gettitlestring.sty
Package: gettitlestring 2010/12/03 v1.4 Cleanup title references (HO)
)
\c@section@level=\count188
)
LaTeX Info: Redefining \ref on input line 74.
LaTeX Info: Redefining \pageref on input line 74.
LaTeX Info: Redefining \nameref on input line 74.

(./Nayrolles_PhD_S2018.out) (./Nayrolles_PhD_S2018.out)
\@outlinefile=\write4
\openout4 = `Nayrolles_PhD_S2018.out'.



Package pgfplots Warning: running in backwards compatibility mode (unsuitable t
ick labels; missing features). Consider writing \pgfplotsset{compat=1.13} into 
your preamble.
 on input line 74.

\c@lstlisting=\count189
LaTeX Font Info:    Try loading font information for OMS+cmr on input line 78.
(/usr/share/texlive/texmf-dist/tex/latex/base/omscmr.fd
File: omscmr.fd 2014/09/29 v2.5h Standard LaTeX font definitions
)
LaTeX Font Info:    Font shape `OMS/cmr/m/sc' in size <12> not available
(Font)              Font shape `OMS/cmsy/m/n' tried instead on input line 78.
LaTeX Font Info:    Font shape `OMS/cmr/m/n' in size <12> not available
(Font)              Font shape `OMS/cmsy/m/n' tried instead on input line 78.
 [1

{/var/lib/texmf/fonts/map/pdftex/updmap/pdftex.map}]
Underfull \hbox (badness 10000) in paragraph at lines 78--78

 []


Underfull \hbox (badness 10000) in paragraph at lines 78--78

 []


Underfull \hbox (badness 10000) in paragraph at lines 78--78

 []


Underfull \hbox (badness 10000) in paragraph at lines 78--78

 []


Overfull \hbox (45.97351pt too wide) in paragraph at lines 78--78
|  [] 
 []

[2] [3] [4

] (./Nayrolles_PhD_S2018.toc
LaTeX Font Info:    Try loading font information for U+msa on input line 5.

(/usr/share/texlive/texmf-dist/tex/latex/amsfonts/umsa.fd
File: umsa.fd 2013/01/14 v3.01 AMS symbols A
)
LaTeX Font Info:    Try loading font information for U+msb on input line 5.

(/usr/share/texlive/texmf-dist/tex/latex/amsfonts/umsb.fd
File: umsb.fd 2013/01/14 v3.01 AMS symbols B
) [5

] [6] [7] [8])
\tf@toc=\write5
\openout5 = `Nayrolles_PhD_S2018.toc'.


[9] (./Nayrolles_PhD_S2018.lof [10

]
Overfull \hbox (9.59381pt too wide) in paragraph at lines 50--50
 [][] [][]\OT1/cmr/m/n/12 Hypothetical ex-am-ple rep-re-sent-ing $\OML/cmm/m/it
/12 bslice[]$ \OT1/cmr/m/n/12 (left) vs. $\OMS/cmsy/m/n/12 [[]\OML/cmm/m/it/12 
bslice[]$ 
 []

)
\tf@lof=\write6
\openout6 = `Nayrolles_PhD_S2018.lof'.

 [11] (./Nayrolles_PhD_S2018.lot
Overfull \hbox (0.75195pt too wide) in paragraph at lines 22--22
 [][] [][]\OT1/cmr/m/n/12 Apache Ecosys-tem Com-plex-ity Met-rics Com-par-i-son
 and Mann-whitney 
 []


Overfull \hbox (11.95296pt too wide) in paragraph at lines 22--22
 \OT1/cmr/m/n/12 test re-sults. $\OML/cmm/m/it/12 ^^V$\OT1/cmr/m/n/12 :mean, $[
]$:sum, $[]$:median, $\OML/cmm/m/it/12 ^^[$\OT1/cmr/m/n/12 :standard de-vi-a-ti
on, $%$:percentage[] [][]  
 []


Overfull \hbox (10.6088pt too wide) in paragraph at lines 23--23
 [][] [][]\OT1/cmr/m/n/12 Netbeans Ecosys-tem Com-plex-ity Met-rics Com-par-i-s
on and Mann-whitney 
 []


Overfull \hbox (11.95296pt too wide) in paragraph at lines 23--23
 \OT1/cmr/m/n/12 test re-sults. $\OML/cmm/m/it/12 ^^V$\OT1/cmr/m/n/12 :mean, $[
]$:sum, $[]$:median, $\OML/cmm/m/it/12 ^^[$\OT1/cmr/m/n/12 :standard de-vi-a-ti
on, $%$:percentage[] [][]  
 []


Overfull \hbox (282.05594pt too wide) in paragraph at lines 24--24
 \OT1/cmr/m/n/12 and Mann-whitney test re-sults.   $\OML/cmm/m/it/12 ^^V$\OT1/c
mr/m/n/12 :mean, 
 []

[12

]
Overfull \hbox (409.48796pt too wide) in paragraph at lines 26--26
 [][] [][]\OT1/cmr/m/n/12 Linear Re-gres-sion clas-si-fier per-for-mances while
 us-ing 1 gram.   TP: 
 []


Overfull \hbox (397.02003pt too wide) in paragraph at lines 27--27
 [][] [][]\OT1/cmr/m/n/12 Random For-est clas-si-fier per-for-mances while us-i
ng 1 gram.   TP: 
 []


Overfull \hbox (414.12263pt too wide) in paragraph at lines 29--29
 [][] [][]\OT1/cmr/m/n/12 Linear Re-gres-sion clas-si-fier per-for-mances while
 us-ing 2 grams.   TP: 
 []


Overfull \hbox (414.12263pt too wide) in paragraph at lines 32--32
 [][] [][]\OT1/cmr/m/n/12 Linear Re-gres-sion clas-si-fier per-for-mances while
 us-ing 3 grams.   TP: 
 []


Overfull \hbox (401.65471pt too wide) in paragraph at lines 33--33
 [][] [][]\OT1/cmr/m/n/12 Random For-est clas-si-fier per-for-mances while us-i
ng 3 grams.   TP: 
 []


Overfull \hbox (196.26239pt too wide) in paragraph at lines 34--34
 [][] [][]\OT1/cmr/m/n/12 Random clas-si-fier.   TP: 
 []

)
\tf@lot=\write7
\openout7 = `Nayrolles_PhD_S2018.lot'.

 [13] [14]
Chapter 1.
[1

] [2] [3] [4] [5]
Missing character: There is no Ã in font cmr12!
Missing character: There is no ¨ in font cmr12!
Missing character: There is no Ã in font cmr12!
Missing character: There is no ¨ in font cmr12!

Overfull \hbox (26.85278pt too wide) in paragraph at lines 345--351
[]\OT1/cmr/m/n/12 Abdou Maiga, Ab-del-wa-hab Hamou-Lhadj, \OT1/cmr/bx/n/12 Math
-ieu Nay-rolles\OT1/cmr/m/n/12 , Ko-rosh Koochekian
 []

[6]
Overfull \hbox (1.65489pt too wide) in paragraph at lines 369--372
[]\OT1/cmr/bx/n/12 Mathieu Nay-rolles \OT1/cmr/m/n/12 (2015). Ma-gento Site Per
-for-mance Op-ti-miza-tion. (pp. 92).
 []

Missing character: There is no Ã in font cmr12!
Missing character: There is no © in font cmr12!

Overfull \hbox (6.8049pt too wide) in paragraph at lines 408--412
\OT1/cmtt/m/n/12 t o r i e s / 2 0 1 8 / 0 4 / 1 0 / s t e m -[] s i g h t s -[
] c o n c o r d i a n -[] w h o -[] m a k e s -[] b u g -[] f r e e -[] s o f t
 w a
 []

[7]
Overfull \hbox (7.3049pt too wide) in paragraph at lines 412--416
\OT1/cmtt/m/n/12 m n / b u s i n e s s -[] p m n / c o n c o r d i a -[] d e v 
e l o p s -[] t o o l -[] w i t h -[] u b i s o f t -[] t o -[] d e t e c t -[]
 g l i
 []


Overfull \hbox (6.3049pt too wide) in paragraph at lines 416--420
\OT1/cmtt/m/n/12 m / b u s i n e s s / t e c h n o l o g y / a r t i c l e -[] 
c o n c o r d i a -[] p a r t n e r s -[] w i t h -[] u b i s o f t -[] t o -[]
 d
 []

Missing character: There is no Ã in font cmr12!
Missing character: There is no © in font cmr12!
[8]
Chapter 2.
[9

] [10] <media/commit-datastructure.png, id=1072, 509.905pt x 1036.87375pt>
File: media/commit-datastructure.png Graphic file (type png)

<use media/commit-datastructure.png>
Package pdftex.def Info: media/commit-datastructure.png used on input line 543.

(pdftex.def)             Requested size: 127.47594pt x 259.2178pt.


LaTeX Warning: `!h' float specifier changed to `!ht'.

<media/branching.png, id=1075, 1611.01875pt x 995.72pt>
File: media/branching.png Graphic file (type png)

<use media/branching.png>
Package pdftex.def Info: media/branching.png used on input line 557.
(pdftex.def)             Requested size: 402.75371pt x 248.92938pt.


LaTeX Warning: `!h' float specifier changed to `!ht'.

<media/2branches.png, id=1077, 972.63374pt x 309.155pt>
File: media/2branches.png Graphic file (type png)

<use media/2branches.png>
Package pdftex.def Info: media/2branches.png used on input line 570.
(pdftex.def)             Requested size: 243.15784pt x 77.28856pt.


LaTeX Warning: `!h' float specifier changed to `!ht'.

<media/merge.png, id=1079, 1242.6425pt x 720.6925pt>
File: media/merge.png Graphic file (type png)
 <use media/merge.png>
Package pdftex.def Info: media/merge.png used on input line 582.
(pdftex.def)             Requested size: 310.65987pt x 180.17268pt.


LaTeX Warning: `!h' float specifier changed to `!ht'.

[11] [12 <./media/commit-datastructure.png> <./media/branching.png>] [13 <./med
ia/2branches.png> <./media/merge.png>]
<media/bzLifecycle.png, id=1097, 497.86pt x 581.17125pt>
File: media/bzLifecycle.png Graphic file (type png)

<use media/bzLifecycle.png>
Package pdftex.def Info: media/bzLifecycle.png used on input line 614.
(pdftex.def)             Requested size: 348.49962pt x 406.8171pt.
 [14 <./media/bzLifecycle.png>] [15] [16]
Chapter 3.
[17

] [18] [19] [20] [21] [22] [23] [24] [25] [26] [27] [28] [29]
Chapter 4.
[30

] <media/archi.png, id=1174, 344.7279pt x 195.6108pt>
File: media/archi.png Graphic file (type png)
 <use media/archi.png>
Package pdftex.def Info: media/archi.png used on input line 1340.
(pdftex.def)             Requested size: 303.53267pt x 172.23651pt.

[31] <media/bumper-model.png, id=1181, 468.3096pt x 272.4579pt>
File: media/bumper-model.png Graphic file (type png)

<use media/bumper-model.png>
Package pdftex.def Info: media/bumper-model.png used on input line 1374.
(pdftex.def)             Requested size: 411.93767pt x 239.67221pt.
 [32 <./media/archi.png>] [33 <./media/bumper-model.png>] [34] [35]

LaTeX Warning: No positions in optional float specifier.
               Default added (so using `tbp') on input line 1514.

[36] (/usr/share/texlive/texmf-dist/tex/latex/listings/lstlang1.sty
File: lstlang1.sty 2015/06/04 1.6 listings language file
)
LaTeX Font Info:    Try loading font information for OML+cmr on input line 1559
.

(/usr/share/texlive/texmf-dist/tex/latex/base/omlcmr.fd
File: omlcmr.fd 2014/09/29 v2.5h Standard LaTeX font definitions
)
LaTeX Font Info:    Font shape `OML/cmr/m/n' in size <12> not available
(Font)              Font shape `OML/cmm/m/it' tried instead on input line 1559.


Overfull \hbox (33.19662pt too wide) in paragraph at lines 1567--1568
[]\OT1/cmr/m/it/12 I got the fol-low-ing Ex-cep-tion: Ex-cep-tion in thread ``m
ain'' java.lang.NullPointerException
 []


Overfull \hbox (0.50642pt too wide) in paragraph at lines 1567--1568
\OT1/cmr/m/it/12 at Csv-FileU-tils.readOneLine(CsvFileUtils.java:22) at Main.ma
in(Main.java:11). Can
 []

[37] <media/bumper-live.png, id=1241, 1377.145pt x 933.4875pt>
File: media/bumper-live.png Graphic file (type png)

<use media/bumper-live.png>
Package pdftex.def Info: media/bumper-live.png used on input line 1597.
(pdftex.def)             Requested size: 413.14668pt x 280.04842pt.
 [38 <./media/bumper-live.png>] [39] [40]
Chapter 5.
[41

] <media/chap5/approach.png, id=1263, 547.5657pt x 176.5797pt>
File: media/chap5/approach.png Graphic file (type png)

<use media/chap5/approach.png>
Package pdftex.def Info: media/chap5/approach.png used on input line 1729.
(pdftex.def)             Requested size: 411.93767pt x 132.84128pt.
 [42] [43 <./media/chap5/approach.png>]
Missing character: There is no â in font cmr12!
Missing character: There is no € in font cmr12!
Missing character: There is no “ in font cmr12!

(/usr/share/texlive/texmf-dist/tex/latex/listings/lstlang1.sty
File: lstlang1.sty 2015/06/04 1.6 listings language file
)
(/usr/share/texlive/texmf-dist/tex/latex/listings/lstlang1.sty
File: lstlang1.sty 2015/06/04 1.6 listings language file
) [44] [45]
(./tex/chap5/algorithm.tex) [46] [47] (./tex/chap5/pretty-printing-table.tex

LaTeX Warning: No positions in optional float specifier.
               Default added (so using `tbp') on input line 1.

) [48] [49] <media/chap5/commit.png, id=1330, 543.02875pt x 306.14375pt>
File: media/chap5/commit.png Graphic file (type png)

<use media/chap5/commit.png>
Package pdftex.def Info: media/chap5/commit.png used on input line 1995.
(pdftex.def)             Requested size: 433.62pt x 244.47154pt.
 [50 <./media/chap5/commit.png>]

LaTeX Warning: No positions in optional float specifier.
               Default added (so using `tbp') on input line 2031.

<media/chap5/branch.png, id=1337, 173.9298pt x 194.6472pt>
File: media/chap5/branch.png Graphic file (type png)

<use media/chap5/branch.png>
Package pdftex.def Info: media/chap5/branch.png used on input line 2057.
(pdftex.def)             Requested size: 216.81pt x 242.64308pt.
 [51] [52 <./media/chap5/branch.png>]
(./tex/chap5/plot-result.tex
PGFPlots: reading {data/chap5/monit.csv}
PGFPlots: reading {data/chap5/monit.csv}
PGFPlots: reading {data/chap5/monit.csv}

Overfull \hbox (9.22607pt too wide) in paragraph at lines 23--24
 [][] 
 []

PGFPlots: reading {data/chap5/jhotdraw.csv}
PGFPlots: reading {data/chap5/jhotdraw.csv}
PGFPlots: reading {data/chap5/jhotdraw.csv}
PGFPlots: reading {data/chap5/dnsjava.csv}
PGFPlots: reading {data/chap5/dnsjava.csv}
PGFPlots: reading {data/chap5/dnsjava.csv}
) [53] (./tex/chap5/table-result.tex

LaTeX Warning: No positions in optional float specifier.
               Default added (so using `tbp') on input line 1.

) [54] [55] [56] [57]
Chapter 6.
[58

] [59] (./tex/chap6/approach.tex
<media/chap6/fix-approach.png, id=1386, 1060.96375pt x 132.495pt>
File: media/chap6/fix-approach.png Graphic file (type png)

<use media/chap6/fix-approach.png>
Package pdftex.def Info: media/chap6/fix-approach.png used on input line 3.
(pdftex.def)             Requested size: 433.62pt x 54.15144pt.

<media/chap6/cluster-approach.png, id=1387, 723.70375pt x 114.4275pt>
File: media/chap6/cluster-approach.png Graphic file (type png)

<use media/chap6/cluster-approach.png>
Package pdftex.def Info: media/chap6/cluster-approach.png used on input line 9.

(pdftex.def)             Requested size: 303.53267pt x 47.99286pt.

<media/chap6/detect-approach.png, id=1388, 1078.0275pt x 122.4575pt>
File: media/chap6/detect-approach.png Graphic file (type png)

<use media/chap6/detect-approach.png>
Package pdftex.def Info: media/chap6/detect-approach.png used on input line 15.

(pdftex.def)             Requested size: 433.62pt x 49.25679pt.
) [60 <./media/chap6/fix-approach.png> <./media/chap6/cluster-approach.png>]
Overfull \hbox (9.89442pt too wide) in paragraph at lines 2378--2383
\OT1/cmtt/m/n/12 com.badlogicgames.gdx\OT1/cmr/m/n/12 . As we can see, \OT1/cmt
t/m/n/12 com.badlogicgames.gdx \OT1/cmr/m/n/12 de-pends on projects
 []

(./tex/chap6/network-sample.tex
<media/chap6/network-sample.png, id=1398, 727.71875pt x 624.3325pt>
File: media/chap6/network-sample.png Graphic file (type png)

<use media/chap6/network-sample.png>
Package pdftex.def Info: media/chap6/network-sample.png used on input line 3.
(pdftex.def)             Requested size: 260.17464pt x 223.21623pt.
) [61 <./media/chap6/detect-approach.png>]
[62 <./media/chap6/network-sample.png (PNG copy)>] [63] [64]
(./tex/chap6/dependencies.tex
<media/chap6/network.png, id=1420, 782.925pt x 829.0975pt>
File: media/chap6/network.png Graphic file (type png)

<use media/chap6/network.png>
Package pdftex.def Info: media/chap6/network.png used on input line 3.
(pdftex.def)             Requested size: 346.89731pt x 367.35953pt.
) [65 <./media/chap6/network.png>]
(./tex/chap6/clusters.tex

LaTeX Warning: No positions in optional float specifier.
               Default added (so using `tbp') on input line 2.

)
Overfull \hbox (17.18285pt too wide) in paragraph at lines 2557--2557
[]\OT1/cmr/bx/n/14.4 Building a Database of Defect-Commits and Fix-Commits
 []

[66] (./tex/chap6/alpha.tex
PGFPlots: reading {data/chap6/alpha.csv}
PGFPlots: reading {data/chap6/alpha.csv}
PGFPlots: reading {data/chap6/alpha.csv}
) [67] [68]
Overfull \hbox (7.44359pt too wide) in paragraph at lines 2673--2678
[]\OT1/cmr/m/n/12 With $\OML/cmm/m/it/12 $ \OT1/cmr/m/n/12 = 35%, BIANCA achie
ves, on av-er-age, a pre-ci-sion of 90.75% (13,899/15,316)
 []

(./tex/chap6/result.tex

LaTeX Warning: Float too large for page by 16.8924pt on input line 60.

) [69] [70]
Overfull \hbox (2.59308pt too wide) in paragraph at lines 2706--2712
\OT1/cmr/m/n/12 Servers run-ning in par-al-lel. When de-ployed, the most time c
on-sum-ing part of BIANCA
 []

[71] [72] [73]
Overfull \hbox (0.7991pt too wide) in paragraph at lines 2851--2857
[]\OT1/cmr/m/n/12 Our in-ter-pre-ta-tion of the man-ual anal-y-sis of the best 
and worst per-form-ing projects
 []


Overfull \hbox (18.25629pt too wide) in paragraph at lines 2859--2859
[]\OT1/cmr/bx/n/14.4 Analysis of the Qual-ity of the Fixes Pro-posed by BIANCA 

 []

[74] (./tex/chap6/null.tex) [75] [76] [77] (./tex/chap6/thread.tex

LaTeX Warning: Float too large for page by 97.2216pt on input line 61.

) (./tex/chap6/diff1.tex
LaTeX Font Info:    Font shape `OMS/cmr/m/it' in size <12> not available
(Font)              Font shape `OMS/cmsy/m/n' tried instead on input line 36.
LaTeX Font Info:    Font shape `OML/cmr/m/it' in size <12> not available
(Font)              Font shape `OML/cmm/m/it' tried instead on input line 39.


LaTeX Warning: Float too large for page by 97.2216pt on input line 53.

)
Overfull \hbox (3.62743pt too wide) in paragraph at lines 2959--2972
\OT1/cmr/m/n/12 class. Ac-cord-ing to the Java doc-u-men-ta-tion, the \OT1/cmtt
/m/n/12 StringBuilder \OT1/cmr/m/n/12 class \OMS/cmsy/m/n/12 n\OT1/cmr/m/n/12 t
extit\OMS/cmsy/m/n/12 f\OT1/cmr/m/n/12 provides
 []

[78] [79] [80] [81] [82] [83] [84]
Chapter 7.
[85

] [86] (./tex/chap7/approach.tex
<media/chap7/fix-approach.png, id=1671, 1060.96375pt x 132.495pt>
File: media/chap7/fix-approach.png Graphic file (type png)

<use media/chap7/fix-approach.png>
Package pdftex.def Info: media/chap7/fix-approach.png used on input line 4.
(pdftex.def)             Requested size: 433.62pt x 54.15144pt.

<media/chap7/cluster-approach.png, id=1672, 723.70375pt x 114.4275pt>
File: media/chap7/cluster-approach.png Graphic file (type png)

<use media/chap7/cluster-approach.png>
Package pdftex.def Info: media/chap7/cluster-approach.png used on input line 12
.
(pdftex.def)             Requested size: 346.89731pt x 54.84949pt.

<media/chap7/detect-approach.png, id=1673, 975.645pt x 316.18124pt>
File: media/chap7/detect-approach.png Graphic file (type png)

<use media/chap7/detect-approach.png>
Package pdftex.def Info: media/chap7/detect-approach.png used on input line 21.

(pdftex.def)             Requested size: 433.62pt x 140.52411pt.
) [87] [88 <./media/chap7/fix-approach.png> <./media/chap7/cluster-approach.png
> <./media/chap7/detect-approach.png>]
(./tex/chap7/dependencies.tex
<media/chap7/network.png, id=1689, 523.20468pt x 331.2375pt>
File: media/chap7/network.png Graphic file (type png)

<use media/chap7/network.png>
Package pdftex.def Info: media/chap7/network.png used on input line 3.
(pdftex.def)             Requested size: 433.62pt x 274.52776pt.
) (./tex/chap7/network-sample.tex
<media/chap7/network-sample.png, id=1690, 413.29407pt x 261.97874pt>
File: media/chap7/network-sample.png Graphic file (type png)

<use media/chap7/network-sample.png>
Package pdftex.def Info: media/chap7/network-sample.png used on input line 3.
(pdftex.def)             Requested size: 303.53267pt x 192.40616pt.
) [89] [90 <./media/chap7/network.png> <./media/chap7/network-sample.png>] [91]
 [92] [93]
Overfull \hbox (17.18285pt too wide) in paragraph at lines 3392--3392
[]\OT1/cmr/bx/n/14.4 Building a Database of Defect-Commits and Fix-Commits 
 []

(./tex/chap7/comparing.tex
<media/chap7/comparing.jpg, id=1718, 602.25pt x 432.61626pt>
File: media/chap7/comparing.jpg Graphic file (type jpg)

<use media/chap7/comparing.jpg>
Package pdftex.def Info: media/chap7/comparing.jpg used on input line 3.
(pdftex.def)             Requested size: 216.81pt x 155.74173pt.
) [94] [95 <./media/chap7/comparing.jpg>]
(./tex/chap7/workshop.tex

LaTeX Warning: No positions in optional float specifier.
               Default added (so using `tbp') on input line 1.

)
Overfull \hbox (18.8896pt too wide) in paragraph at lines 3459--3459
[]\OT1/cmr/bx/n/14.4 Analysis of the Qual-ity of the Fixes Pro-posed by CLEVER 

 []

[96] [97]
Underfull \hbox (badness 10000) in paragraph at lines 3550--3553

 []

[98] [99] [100] [101] [102] [103]
Chapter 8.
[104

] [105] <media/chap8/mc-def.png, id=1774, 430.60875pt x 143.53625pt>
File: media/chap8/mc-def.png Graphic file (type png)

<use media/chap8/mc-def.png>
Package pdftex.def Info: media/chap8/mc-def.png used on input line 3836.
(pdftex.def)             Requested size: 172.24043pt x 57.41347pt.
 [106 <./media/chap8/mc-def.png>]
<media/chap8/test.png, id=1787, 372.64218pt x 199.19418pt>
File: media/chap8/test.png Graphic file (type png)

<use media/chap8/test.png>
Package pdftex.def Info: media/chap8/test.png used on input line 3901.
(pdftex.def)             Requested size: 298.11414pt x 159.35555pt.

<media/chap8/mc.png, id=1788, 372.1905pt x 212.4738pt>
File: media/chap8/mc.png Graphic file (type png)

<use media/chap8/mc.png>
Package pdftex.def Info: media/chap8/mc.png used on input line 3908.
(pdftex.def)             Requested size: 297.7528pt x 169.97925pt.

<media/chap8/dmc.png, id=1789, 383.7537pt x 206.6922pt>
File: media/chap8/dmc.png Graphic file (type png)

<use media/chap8/dmc.png>
Package pdftex.def Info: media/chap8/dmc.png used on input line 3915.
(pdftex.def)             Requested size: 307.00336pt x 165.35397pt.
 [107 <./media/chap8/test.png>] [108 <./media/chap8/mc.png (PNG copy)> <./media
/chap8/dmc.png (PNG copy)>]
<media/chap8/jcharming-approach.png, id=1805, 487.8225pt x 145.9854pt>
File: media/chap8/jcharming-approach.png Graphic file (type png)

<use media/chap8/jcharming-approach.png>
Package pdftex.def Info: media/chap8/jcharming-approach.png used on input line 
3969.
(pdftex.def)             Requested size: 439.0362pt x 131.38564pt.

Overfull \hbox (5.4162pt too wide) in paragraph at lines 3969--3971
 [][] 
 []

[109]
Overfull \hbox (6.79999pt too wide) in paragraph at lines 4009--4023
[] 
 []

[110 <./media/chap8/jcharming-approach.png>]
Underfull \hbox (badness 10000) in paragraph at lines 4053--4053

 []


Overfull \hbox (6.79999pt too wide) in paragraph at lines 4044--4054
[] 
 []

[111] <media/chap8/slicing.png, id=1828, 1609.01125pt x 576.1525pt>
File: media/chap8/slicing.png Graphic file (type png)

<use media/chap8/slicing.png>
Package pdftex.def Info: media/chap8/slicing.png used on input line 4090.
(pdftex.def)             Requested size: 321.79655pt x 115.22845pt.
 [112 <./media/chap8/slicing.png>]
<media/chap8/backward-slicing.png, id=1835, 1604.99625pt x 608.2725pt>
File: media/chap8/backward-slicing.png Graphic file (type png)

<use media/chap8/backward-slicing.png>
Package pdftex.def Info: media/chap8/backward-slicing.png used on input line 41
08.
(pdftex.def)             Requested size: 320.99356pt x 121.65234pt.
 [113 <./media/chap8/backward-slicing.png>] <media/chap8/jcharming-slices.png, 
id=1848, 1029.8475pt x 442.65375pt>
File: media/chap8/jcharming-slices.png Graphic file (type png)

<use media/chap8/jcharming-slices.png>
Package pdftex.def Info: media/chap8/jcharming-slices.png used on input line 41
53.
(pdftex.def)             Requested size: 257.46124pt x 110.66316pt.
 [114 <./media/chap8/jcharming-slices.png>] <media/chap8/algo.png, id=1859, 175
2.5475pt x 1120.185pt>
File: media/chap8/algo.png Graphic file (type png)

<use media/chap8/algo.png>
Package pdftex.def Info: media/chap8/algo.png used on input line 4237.
(pdftex.def)             Requested size: 350.5033pt x 224.03302pt.
 [115] [116 <./media/chap8/algo.png>] [117] [118]
[119] <media/chap8/unittest.png, id=1896, 397.485pt x 282.3348pt>
File: media/chap8/unittest.png Graphic file (type png)

<use media/chap8/unittest.png>
Package pdftex.def Info: media/chap8/unittest.png used on input line 4454.
(pdftex.def)             Requested size: 317.98842pt x 225.86813pt.
 [120] [121 <./media/chap8/unittest.png>]
Package hyperref Info: bookmark level for unknown lstlisting defaults to 0 on i
nput line 4514.

(./tex/chap8/test.java)
Overfull \hbox (6.79999pt too wide) in paragraph at lines 4510--4516
[] 
 []


LaTeX Warning: `!h' float specifier changed to `!ht'.

[122] [123] [124]

LaTeX Warning: No positions in optional float specifier.
               Default added (so using `tbp') on input line 4615.


LaTeX Warning: Float too large for page by 18.88817pt on input line 4654.

[125] [126]

LaTeX Warning: No positions in optional float specifier.
               Default added (so using `tbp') on input line 4735.


Underfull \hbox (badness 10000) in paragraph at lines 4786--4786
\OT1/cmr/m/n/12 9. at uci.uml.ui.NavigatorPane$Navigator MouseLis-tener.mouse
 []


Underfull \hbox (badness 10000) in paragraph at lines 4786--4786
\OT1/cmr/m/n/12 10.at java.awt.AWTEventMulticaster.mouseClicked (AWTEvent-Mul-t
i-cas-
 []


Underfull \hbox (badness 5622) in paragraph at lines 4786--4786
\OT1/cmr/m/n/12 11. at java.awt.AWTEventMulticaster.mouseClicked (AWTEvent Mul-
ti-cast
 []


Overfull \hbox (6.79999pt too wide) in paragraph at lines 4736--4787
[] 
 []

[127] [128]

LaTeX Warning: No positions in optional float specifier.
               Default added (so using `tbp') on input line 4812.


Overfull \hbox (1.90048pt too wide) in paragraph at lines 4837--4837
\OT1/cmr/m/n/12 18 at org.apache.hadoop.io.serializer.WritableSerialization$Wri
tableSerializer.serialize
 []


Overfull \hbox (1.90048pt too wide) in paragraph at lines 4837--4837
\OT1/cmr/m/n/12 19 at org.apache.hadoop.io.serializer.WritableSerialization$Wri
tableSerializer.serialize
 []


Overfull \hbox (4.02408pt too wide) in paragraph at lines 4837--4837
\OT1/cmr/m/n/12 27 at org.apache.hadoop.mapred.Task$NewCombinerRunner.combine(T
ask.java:1222) 
 []


Underfull \hbox (badness 10000) in paragraph at lines 4837--4837

 []


Overfull \hbox (6.79999pt too wide) in paragraph at lines 4814--4838
[] 
 []


Underfull \hbox (badness 4403) in paragraph at lines 4850--4850
[][][]\OT1/cmr/m/n/10 As a re-minder, the gen-er-ated test cases are made avail
-able at research.mathieu-
 []

[129] [130]

LaTeX Warning: No positions in optional float specifier.
               Default added (so using `tbp') on input line 4885.


Overfull \hbox (6.79999pt too wide) in paragraph at lines 4887--4902
[] 
 []

[131] [132]
Overfull \hbox (3.76953pt too wide) in paragraph at lines 4969--4980
\OT1/cmr/m/n/12 ined the source code of Log4J for the crash lo-ca-tion \OT1/cmr
/m/it/12 struts.CPExceptionHandler.execute
 []

[133] [134] [135] [136]
Chapter 9.
<media/chap9/bug-taxo-class-diag.png, id=2053, 429.605pt x 63.23625pt>
File: media/chap9/bug-taxo-class-diag.png Graphic file (type png)

<use media/chap9/bug-taxo-class-diag.png>
Package pdftex.def Info: media/chap9/bug-taxo-class-diag.png used on input line
 5115.
(pdftex.def)             Requested size: 214.80197pt x 31.61804pt.


LaTeX Warning: `!h' float specifier changed to `!ht'.

<media/chap9/bug-taxo.png, id=2054, 401.5803pt x 262.3401pt>
File: media/chap9/bug-taxo.png Graphic file (type png)

<use media/chap9/bug-taxo.png>
Package pdftex.def Info: media/chap9/bug-taxo.png used on input line 5122.
(pdftex.def)             Requested size: 240.95003pt x 157.40526pt.


LaTeX Warning: `!h' float specifier changed to `!ht'.

[137

] [138 <./media/chap9/bug-taxo-class-diag.png (PNG copy)> <./media/chap9/bug-ta
xo.png>]

LaTeX Warning: `h' float specifier changed to `ht'.

[139] [140] (./tex/chap9/bugProportion.tex

LaTeX Warning: No positions in optional float specifier.
               Default added (so using `tbp') on input line 1.

LaTeX Font Info:    Font shape `OML/cmr/m/n' in size <10.95> not available
(Font)              Font shape `OML/cmm/m/it' tried instead on input line 13.
) [141]

LaTeX Warning: Command \textless invalid in math mode on input line 5310.


LaTeX Warning: Command \textless invalid in math mode on input line 5310.

(./tex/chap9/apache-types.tex

LaTeX Warning: No positions in optional float specifier.
               Default added (so using `tbp') on input line 2.

) (./tex/chap9/netbeans-types.tex

LaTeX Warning: No positions in optional float specifier.
               Default added (so using `tbp') on input line 2.

) (./tex/chap9/overall-types.tex

LaTeX Warning: No positions in optional float specifier.
               Default added (so using `tbp') on input line 2.


Underfull \hbox (badness 10000) in paragraph at lines 5--5
[]\OT1/cmr/m/n/12 Table 14: []Apache and Net-beans Ecosys-tems Com-plex-
 []


Underfull \hbox (badness 10000) in paragraph at lines 5--5
\OT1/cmr/m/n/12 ity Met-rics Com-par-i-son and Mann-whitney test re-sults.
 []

)
Overfull \hbox (3.02907pt too wide) in paragraph at lines 5345--5349
[]\OT1/cmr/m/n/12 When com-bined, both ecosys-tem amounts in the fol-low-ing or
-der $\OML/cmm/m/it/12 T\OT1/cmr/m/n/12 2[] \OML/cmm/m/it/12 > T\OT1/cmr/m/n/12
 4[] \OMS/cmsy/m/n/12 ^^]
 []

[142] [143] [144] [145] [146]
Overfull \hbox (2.68767pt too wide) in paragraph at lines 5434--5442
\OML/cmm/m/it/12 T\OT1/cmr/m/n/12 4[] \OMS/cmsy/m/n/12 ^^] \OML/cmm/m/it/12 T\O
T1/cmr/m/n/12 2[] \OMS/cmsy/m/n/12 ^^] \OML/cmm/m/it/12 T\OT1/cmr/m/n/12 3[] \O
MS/cmsy/m/n/12 ^^] \OML/cmm/m/it/12 T\OT1/cmr/m/n/12 1[]$, Net-beans ecosys-tem
: $\OML/cmm/m/it/12 T\OT1/cmr/m/n/12 4[] \OMS/cmsy/m/n/12 ^^] \OML/cmm/m/it/12 
T\OT1/cmr/m/n/12 2[] \OMS/cmsy/m/n/12 ^^]
 []

[147] [148] [149] (./tex/chap9/1gram.tex

LaTeX Warning: No positions in optional float specifier.
               Default added (so using `tbp') on input line 3.


LaTeX Warning: No positions in optional float specifier.
               Default added (so using `tbp') on input line 26.


Underfull \hbox (badness 3884) in paragraph at lines 28--28
[]\OT1/cmr/m/n/12 Table 16: []Linear Re-gres-sion clas-si-fier per-for-mances w
hile us-ing 1 gram.
 []


LaTeX Warning: No positions in optional float specifier.
               Default added (so using `tbp') on input line 50.


Underfull \hbox (badness 6510) in paragraph at lines 52--52
[]\OT1/cmr/m/n/12 Table 17: []Random For-est clas-si-fier per-for-mances while 
us-ing 1 gram.
 []

) (./tex/chap9/2gram.tex

LaTeX Warning: No positions in optional float specifier.
               Default added (so using `tbp') on input line 3.


LaTeX Warning: No positions in optional float specifier.
               Default added (so using `tbp') on input line 26.


Underfull \hbox (badness 3128) in paragraph at lines 28--28
[]\OT1/cmr/m/n/12 Table 19: []Linear Re-gres-sion clas-si-fier per-for-mances w
hile us-ing 2 grams.
 []


LaTeX Warning: No positions in optional float specifier.
               Default added (so using `tbp') on input line 49.

) [150] [151] [152] [153] (./tex/chap9/3gram.tex

LaTeX Warning: No positions in optional float specifier.
               Default added (so using `tbp') on input line 3.


LaTeX Warning: No positions in optional float specifier.
               Default added (so using `tbp') on input line 26.


Underfull \hbox (badness 3128) in paragraph at lines 28--28
[]\OT1/cmr/m/n/12 Table 22: []Linear Re-gres-sion clas-si-fier per-for-mances w
hile us-ing 3 grams.
 []


LaTeX Warning: No positions in optional float specifier.
               Default added (so using `tbp') on input line 49.


Underfull \hbox (badness 5431) in paragraph at lines 51--51
[]\OT1/cmr/m/n/12 Table 23: []Random For-est clas-si-fier per-for-mances while 
us-ing 3 grams.
 []

) (./tex/chap9/random.tex

LaTeX Warning: No positions in optional float specifier.
               Default added (so using `tbp') on input line 3.


Overfull \hbox (172.24036pt too wide) in paragraph at lines 5--5
[]\OT1/cmr/m/n/12 Table 24: []Random clas-si-fier.   TP:
 []

) (./tex/chap9/kappa.tex

LaTeX Warning: No positions in optional float specifier.
               Default added (so using `tbp') on input line 1.

) [154] [155] [156]
<media/chap9/ambari-heatmap.jpg, id=2179, 564.30824pt x 298.11375pt>
File: media/chap9/ambari-heatmap.jpg Graphic file (type jpg)

<use media/chap9/ambari-heatmap.jpg>
Package pdftex.def Info: media/chap9/ambari-heatmap.jpg used on input line 5656
.
(pdftex.def)             Requested size: 338.58755pt x 178.86963pt.


LaTeX Warning: `!h' float specifier changed to `!ht'.

[157] [158 <./media/chap9/ambari-heatmap.jpg>] [159] [160] [161] [162] [163]
[164]
Chapter 10.
[165

] [166] [167]
Overfull \hbox (3.40329pt too wide) in paragraph at lines 6060--6064
[]\OT1/cmr/m/n/12 Another lim-i-ta-tion of our work is that most of the ap-proa
ches (BUMPER, BIANCA
 []

[168] [169]
Chapter 11.

Overfull \hbox (20.80446pt too wide) in paragraph at lines 6142--6145
[]\OT1/cmr/m/n/12 Tez: Frame-word for com-plex directed-acyclic-graph of tasks 
for pro-cess-ing data.built
 []

[170

] [171] [172] [173] [174] [175] [176] [177] [178] [179]
Missing character: There is no Ã in font cmr12!
Missing character: There is no ¶ in font cmr12!
 [180] [181]
Missing character: There is no Ã in font cmr12!
Missing character: There is no ¸ in font cmr12!

[182]
Missing character: There is no Ã in font cmr12!
Missing character: There is no ¤ in font cmr12!
 [183]
Missing character: There is no Ã in font cmr12!
Missing character: There is no ¶ in font cmr12!

Overfull \hbox (8.42194pt too wide) in paragraph at lines 6924--6926
[]\OT1/cmr/m/n/12 [63] Graph-walker 2016. Graph-Walker for testers. \OT1/cmr/m/
it/12 Http://graphwalker.github.io/ \OT1/cmr/m/n/12 (2016). 
 []

Missing character: There is no Ã in font cmr12!
Missing character: There is no ¼ in font cmr12!
[184] [185] [186] [187]
Missing character: There is no Ã in font cmr12!
Missing character: There is no © in font cmr12!
Missing character: There is no Ã in font cmr12!
Missing character: There is no © in font cmr12!

Overfull \hbox (0.47426pt too wide) in paragraph at lines 7159--7162
\OT1/cmr/m/it/12 Pro-ceed-ings of the eighth iEEE work-ing con-fer-ence on re-v
erse en-gi-neer-ing \OT1/cmr/m/n/12 (Oct. 2001),
 []

[188]
Missing character: There is no Ã in font cmr12!
Missing character: There is no © in font cmr12!
Missing character: There is no Ã in font cmr12!
Missing character: There is no © in font cmr12!
Missing character: There is no Ã in font cmr12!
Missing character: There is no © in font cmr12!
Missing character: There is no Ã in font cmr12!
Missing character: There is no © in font cmr12!
 [189] [190] [191]
Missing character: There is no Ã in font cmr12!
Missing character: There is no ¶ in font cmr12!
Missing character: There is no Ã in font cmr12!
Missing character: There is no Ÿ in font cmr12!
 [192]
Overfull \hbox (8.50562pt too wide) in paragraph at lines 7488--7493
[]\OT1/cmr/m/n/12 [169] Saini, V., Saj-nani, H., Kim, J. and Lopes, C. 2016. So
urcer-erCC and SourcererCC-
 []

[193]
Overfull \hbox (76.79465pt too wide) in paragraph at lines 7567--7569
[]\OT1/cmr/m/n/12 [183] The Apache Soft-ware Foun-da-tion 2015. Apache BatchEE.
 \OT1/cmr/m/it/12 Http://batchee.incubator.apache.org/
 []

[194]
Missing character: There is no Ç in font cmr12!
Missing character: There is no Ž in font cmr12!
Missing character: There is no Ç in font cmr12!
Missing character: There is no Ž in font cmr12!
Missing character: There is no Ã in font cmr12!
Missing character: There is no Ÿ in font cmr12!
 [195] [196]
No file Nayrolles_PhD_S2018.bbl.
[197] [198]
Package atveryend Info: Empty hook `BeforeClearDocument' on input line 7770.
Package atveryend Info: Empty hook `AfterLastShipout' on input line 7770.
 (./Nayrolles_PhD_S2018.aux)
Package atveryend Info: Executing hook `AtVeryEndDocument' on input line 7770.
Package atveryend Info: Executing hook `AtEndAfterFileList' on input line 7770.

Package rerunfilecheck Info: File `Nayrolles_PhD_S2018.out' has not changed.
(rerunfilecheck)             Checksum: 9885ECE77F01208E1FAAD3E46FCDAE19;10180.


LaTeX Warning: There were multiply-defined labels.

Package atveryend Info: Empty hook `AtVeryVeryEnd' on input line 7770.
 ) 
Here is how much of TeX's memory you used:
 33472 strings out of 493029
 765543 string characters out of 6136234
 1816196 words of memory out of 5000000
 35348 multiletter control sequences out of 15000+600000
 18450 words of font info for 68 fonts, out of 8000000 for 9000
 1141 hyphenation exceptions out of 8191
 62i,20n,103p,736b,2264s stack positions out of 5000i,500n,10000p,200000b,80000s
</usr/share/texlive/texmf-dist/fonts/type1/public/amsfonts/cm/cmbx12.pfb></us
r/share/texlive/texmf-dist/fonts/type1/public/amsfonts/cm/cmbx8.pfb></usr/share
/texlive/texmf-dist/fonts/type1/public/amsfonts/cm/cmcsc10.pfb></usr/share/texl
ive/texmf-dist/fonts/type1/public/amsfonts/cm/cmex10.pfb></usr/share/texlive/te
xmf-dist/fonts/type1/public/amsfonts/cm/cmmi10.pfb></usr/share/texlive/texmf-di
st/fonts/type1/public/amsfonts/cm/cmmi12.pfb></usr/share/texlive/texmf-dist/fon
ts/type1/public/amsfonts/cm/cmmi6.pfb></usr/share/texlive/texmf-dist/fonts/type
1/public/amsfonts/cm/cmmi8.pfb></usr/share/texlive/texmf-dist/fonts/type1/publi
c/amsfonts/cm/cmr10.pfb></usr/share/texlive/texmf-dist/fonts/type1/public/amsfo
nts/cm/cmr12.pfb></usr/share/texlive/texmf-dist/fonts/type1/public/amsfonts/cm/
cmr17.pfb></usr/share/texlive/texmf-dist/fonts/type1/public/amsfonts/cm/cmr6.pf
b></usr/share/texlive/texmf-dist/fonts/type1/public/amsfonts/cm/cmr7.pfb></usr/
share/texlive/texmf-dist/fonts/type1/public/amsfonts/cm/cmr8.pfb></usr/share/te
xlive/texmf-dist/fonts/type1/public/amsfonts/cm/cmsl12.pfb></usr/share/texlive/
texmf-dist/fonts/type1/public/amsfonts/cm/cmsy10.pfb></usr/share/texlive/texmf-
dist/fonts/type1/public/amsfonts/cm/cmsy8.pfb></usr/share/texlive/texmf-dist/fo
nts/type1/public/amsfonts/cm/cmti10.pfb></usr/share/texlive/texmf-dist/fonts/ty
pe1/public/amsfonts/cm/cmti12.pfb></usr/share/texlive/texmf-dist/fonts/type1/pu
blic/amsfonts/cm/cmti8.pfb></usr/share/texlive/texmf-dist/fonts/type1/public/am
sfonts/cm/cmtt12.pfb></usr/share/texlive/texmf-dist/fonts/type1/public/amsfonts
/symbols/msam10.pfb></usr/share/texlive/texmf-dist/fonts/type1/urw/zapfding/uzd
r.pfb>
Output written on Nayrolles_PhD_S2018.pdf (212 pages, 3289502 bytes).
PDF statistics:
 2872 PDF objects out of 2984 (max. 8388607)
 2547 compressed objects within 26 object streams
 967 named destinations out of 1000 (max. 500000)
 1292 words of extra memory for PDF output out of 10000 (max. 10000000)

